<?xml version="1.0" encoding="UTF-8"?>
<!-- Generated by org.testng.reporters.JUnitXMLReporter -->
<testsuite hostname="NB-RAJESHM-OSX.local" ignored="0" name="Default test" tests="3" failures="0" timestamp="16 May 2018 03:24:22 GMT" time="9.02" errors="0">
  <testcase name="validateLoginPageTitle" time="0.058" classname="com.raj.TestCases.LoginPageTest"/>
  <testcase name="verifyCrmLogoImgTest" time="0.06" classname="com.raj.TestCases.LoginPageTest"/>
  <testcase name="verifyLoginTest" time="4.148" classname="com.raj.TestCases.LoginPageTest"/>
</testsuite> <!-- Default test -->
