<?xml version="1.0" encoding="UTF-8"?>
<!-- Generated by org.testng.reporters.JUnitXMLReporter -->
<testsuite hostname="NB-RAJESHM-OSX.local" ignored="0" name="Test Cases 2" tests="5" failures="0" timestamp="14 May 2018 18:52:44 GMT" time="18.776" errors="0">
  <testcase name="validateHomePageTitle" time="0.007" classname="com.raj.TestCases.HomePageTest"/>
  <testcase name="verifyUserNameDisplay" time="0.024" classname="com.raj.TestCases.HomePageTest"/>
  <testcase name="verifyClickContactsLink" time="0.026" classname="com.raj.TestCases.HomePageTest"/>
  <testcase name="verifyClickDealsLink" time="0.032" classname="com.raj.TestCases.HomePageTest"/>
  <testcase name="verifyClickTasksLink" time="0.103" classname="com.raj.TestCases.HomePageTest"/>
</testsuite> <!-- Test Cases 2 -->
