<?xml version="1.0" encoding="UTF-8"?>
<!-- Generated by org.testng.reporters.JUnitXMLReporter -->
<testsuite hostname="NB-RAJESHM-OSX.local" ignored="0" name="Test Cases" tests="6" failures="0" timestamp="14 May 2018 02:47:58 GMT" time="20.143" errors="0">
  <testcase name="validateLoginPageTitle" time="0.037" classname="com.raj.TestCases.LoginPageTest"/>
  <testcase name="verifyContactsLable" time="0.328" classname="com.raj.TestCases.ContactsPageTest"/>
  <testcase name="crmLogoImgTest" time="0.026" classname="com.raj.TestCases.LoginPageTest"/>
  <testcase name="selectContact" time="0.35" classname="com.raj.TestCases.ContactsPageTest"/>
  <testcase name="loginTest" time="1.548" classname="com.raj.TestCases.LoginPageTest"/>
  <testcase name="selectMultipleContacts" time="0.47" classname="com.raj.TestCases.ContactsPageTest"/>
</testsuite> <!-- Test Cases -->
