<?xml version="1.0" encoding="UTF-8"?>
<!-- Generated by org.testng.reporters.JUnitXMLReporter -->
<testsuite hostname="NB-RAJESHM-OSX.local" ignored="0" name="Test" tests="4" failures="0" timestamp="14 May 2018 02:36:46 GMT" time="14.031" errors="0">
  <testcase name="validateLoginPageTitle" time="0.055" classname="com.raj.TestCases.LoginPageTest"/>
  <testcase name="validateHomePageTitle" time="0.005" classname="com.raj.TestCases.HomePageTest"/>
  <testcase name="verifyContactsLable" time="0.407" classname="com.raj.TestCases.ContactsPageTest"/>
  <testcase name="crmLogoImgTest" time="0.031" classname="com.raj.TestCases.LoginPageTest"/>
</testsuite> <!-- Test -->
