<?xml version="1.0" encoding="UTF-8"?>
<!-- Generated by org.testng.reporters.JUnitXMLReporter -->
<testsuite hostname="NB-RAJESHM-OSX.local" ignored="0" name="Test Cases 3" tests="4" failures="0" timestamp="14 May 2018 18:53:00 GMT" time="15.615" errors="0">
  <testcase name="verifyContactsLable" time="0.305" classname="com.raj.TestCases.ContactsPageTest"/>
  <testcase name="verifySelectContact" time="0.431" classname="com.raj.TestCases.ContactsPageTest"/>
  <testcase name="verifySelectMultipleContacts" time="0.523" classname="com.raj.TestCases.ContactsPageTest"/>
  <testcase name="validateCreateNewContact" time="1.513" classname="com.raj.TestCases.ContactsPageTest"/>
</testsuite> <!-- Test Cases 3 -->
