<?xml version="1.0" encoding="UTF-8"?>
<!-- Generated by org.testng.reporters.JUnitXMLReporter -->
<testsuite hostname="NB-RAJESHM-OSX.local" ignored="0" name="Test Cases 1" tests="3" failures="0" timestamp="14 May 2018 18:52:26 GMT" time="13.144" errors="0">
  <testcase name="validateLoginPageTitle" time="0.063" classname="com.raj.TestCases.LoginPageTest"/>
  <testcase name="verifyCrmLogoImgTest" time="0.097" classname="com.raj.TestCases.LoginPageTest"/>
  <testcase name="verifyLoginTest" time="4.747" classname="com.raj.TestCases.LoginPageTest"/>
</testsuite> <!-- Test Cases 1 -->
